0 info it worked if it ends with ok
1 verbose cli [ 'node', '/usr/local/bin/npm', 'install' ]
2 info using npm@2.14.2
3 info using node@v0.12.3
4 verbose readDependencies loading dependencies from /Users/stemey/work/projects/aem-react/demo/src/main/ts/package.json
5 verbose install where, deps [ '/Users/stemey/work/projects/aem-react/demo/src/main/ts',
5 verbose install   [ 'classlist-polyfill',
5 verbose install     'node-libs-browser',
5 verbose install     'process',
5 verbose install     'react',
5 verbose install     'aem-react-js',
5 verbose install     'eslint',
5 verbose install     'espower-typescript',
5 verbose install     'mocha',
5 verbose install     'npm',
5 verbose install     'power-assert',
5 verbose install     'ts-loader',
5 verbose install     'tsd',
5 verbose install     'tslint',
5 verbose install     'typescript',
5 verbose install     'webdav-sync',
5 verbose install     'webpack' ] ]
6 verbose install where, peers [ '/Users/stemey/work/projects/aem-react/demo/src/main/ts', [] ]
7 verbose installManyTop reading for lifecycle /Users/stemey/work/projects/aem-react/demo/src/main/ts/package.json
8 info preinstall website@0.1.0
9 verbose installManyTop reading scoped package data from /Users/stemey/work/projects/aem-react/demo/src/main/ts/node_modules/aem-react-js/package.json
10 verbose installManyTop reading scoped package data from /Users/stemey/work/projects/aem-react/demo/src/main/ts/node_modules/classlist-polyfill/package.json
11 verbose installManyTop reading scoped package data from /Users/stemey/work/projects/aem-react/demo/src/main/ts/node_modules/eslint/package.json
12 verbose installManyTop reading scoped package data from /Users/stemey/work/projects/aem-react/demo/src/main/ts/node_modules/espower-typescript/package.json
13 verbose installManyTop reading scoped package data from /Users/stemey/work/projects/aem-react/demo/src/main/ts/node_modules/mocha/package.json
14 verbose installManyTop reading scoped package data from /Users/stemey/work/projects/aem-react/demo/src/main/ts/node_modules/node-libs-browser/package.json
15 verbose installManyTop reading scoped package data from /Users/stemey/work/projects/aem-react/demo/src/main/ts/node_modules/npm/package.json
16 verbose installManyTop reading scoped package data from /Users/stemey/work/projects/aem-react/demo/src/main/ts/node_modules/power-assert/package.json
17 verbose installManyTop reading scoped package data from /Users/stemey/work/projects/aem-react/demo/src/main/ts/node_modules/process/package.json
18 verbose installManyTop reading scoped package data from /Users/stemey/work/projects/aem-react/demo/src/main/ts/node_modules/react/package.json
19 verbose installManyTop reading scoped package data from /Users/stemey/work/projects/aem-react/demo/src/main/ts/node_modules/ts-loader/package.json
20 verbose installManyTop reading scoped package data from /Users/stemey/work/projects/aem-react/demo/src/main/ts/node_modules/tsd/package.json
21 verbose installManyTop reading scoped package data from /Users/stemey/work/projects/aem-react/demo/src/main/ts/node_modules/tslint/package.json
22 verbose installManyTop reading scoped package data from /Users/stemey/work/projects/aem-react/demo/src/main/ts/node_modules/typescript/package.json
23 verbose installManyTop reading scoped package data from /Users/stemey/work/projects/aem-react/demo/src/main/ts/node_modules/webdav-sync/package.json
24 verbose installManyTop reading scoped package data from /Users/stemey/work/projects/aem-react/demo/src/main/ts/node_modules/webpack/package.json
25 info package.json aem-react-js@0.1.0 No license field.
26 info package.json tsd@0.6.5 No license field.
27 info package.json webdav-sync@0.4.4 'repositories' (plural) Not supported. Please pick one as the 'repository' field
28 info package.json webdav-sync@0.4.4 No license field.
29 verbose readDependencies loading dependencies from /Users/stemey/work/projects/aem-react/demo/src/main/ts/package.json
30 verbose targetResolver reading package data from /Users/stemey/work/projects/aem-react/demo/src/main/ts/node_modules/aem-react-js/package.json
31 verbose targetResolver reading package data from /Users/stemey/work/projects/aem-react/demo/src/main/ts/node_modules/classlist-polyfill/package.json
32 verbose targetResolver reading package data from /Users/stemey/work/projects/aem-react/demo/src/main/ts/node_modules/eslint/package.json
33 verbose targetResolver reading package data from /Users/stemey/work/projects/aem-react/demo/src/main/ts/node_modules/espower-typescript/package.json
34 verbose targetResolver reading package data from /Users/stemey/work/projects/aem-react/demo/src/main/ts/node_modules/mocha/package.json
35 verbose targetResolver reading package data from /Users/stemey/work/projects/aem-react/demo/src/main/ts/node_modules/node-libs-browser/package.json
36 verbose targetResolver reading package data from /Users/stemey/work/projects/aem-react/demo/src/main/ts/node_modules/npm/package.json
37 verbose targetResolver reading package data from /Users/stemey/work/projects/aem-react/demo/src/main/ts/node_modules/power-assert/package.json
38 verbose targetResolver reading package data from /Users/stemey/work/projects/aem-react/demo/src/main/ts/node_modules/process/package.json
39 verbose targetResolver reading package data from /Users/stemey/work/projects/aem-react/demo/src/main/ts/node_modules/react/package.json
40 verbose targetResolver reading package data from /Users/stemey/work/projects/aem-react/demo/src/main/ts/node_modules/ts-loader/package.json
41 verbose targetResolver reading package data from /Users/stemey/work/projects/aem-react/demo/src/main/ts/node_modules/tsd/package.json
42 verbose targetResolver reading package data from /Users/stemey/work/projects/aem-react/demo/src/main/ts/node_modules/tslint/package.json
43 verbose targetResolver reading package data from /Users/stemey/work/projects/aem-react/demo/src/main/ts/node_modules/typescript/package.json
44 verbose targetResolver reading package data from /Users/stemey/work/projects/aem-react/demo/src/main/ts/node_modules/webdav-sync/package.json
45 verbose targetResolver reading package data from /Users/stemey/work/projects/aem-react/demo/src/main/ts/node_modules/webpack/package.json
46 verbose targetResolver reading package data from /Users/stemey/work/projects/aem-react/demo/src/main/ts/node_modules/.bin/eslint/package.json
47 verbose targetResolver reading package data from /Users/stemey/work/projects/aem-react/demo/src/main/ts/node_modules/.bin/mocha/package.json
48 verbose targetResolver reading package data from /Users/stemey/work/projects/aem-react/demo/src/main/ts/node_modules/.bin/npm/package.json
49 verbose targetResolver reading package data from /Users/stemey/work/projects/aem-react/demo/src/main/ts/node_modules/.bin/tsc/package.json
50 verbose targetResolver reading package data from /Users/stemey/work/projects/aem-react/demo/src/main/ts/node_modules/.bin/tsd/package.json
51 verbose targetResolver reading package data from /Users/stemey/work/projects/aem-react/demo/src/main/ts/node_modules/.bin/tslint/package.json
52 verbose targetResolver reading package data from /Users/stemey/work/projects/aem-react/demo/src/main/ts/node_modules/.bin/tsserver/package.json
53 verbose targetResolver reading package data from /Users/stemey/work/projects/aem-react/demo/src/main/ts/node_modules/.bin/webdav-sync/package.json
54 verbose targetResolver reading package data from /Users/stemey/work/projects/aem-react/demo/src/main/ts/node_modules/.bin/webpack/package.json
55 verbose already installed skipping tsd@^0.6.5 /Users/stemey/work/projects/aem-react/demo/src/main/ts
56 verbose already installed skipping tslint@^2.5.1 /Users/stemey/work/projects/aem-react/demo/src/main/ts
57 verbose already installed skipping typescript@1.6.2 /Users/stemey/work/projects/aem-react/demo/src/main/ts
58 verbose already installed skipping webdav-sync@^0.4.4 /Users/stemey/work/projects/aem-react/demo/src/main/ts
59 verbose already installed skipping webpack@^1.12.2 /Users/stemey/work/projects/aem-react/demo/src/main/ts
60 verbose already installed skipping classlist-polyfill@^1.0.2 /Users/stemey/work/projects/aem-react/demo/src/main/ts
61 verbose already installed skipping node-libs-browser@^0.5.3 /Users/stemey/work/projects/aem-react/demo/src/main/ts
62 verbose already installed skipping process@^0.11.1 /Users/stemey/work/projects/aem-react/demo/src/main/ts
63 verbose already installed skipping react@^0.13.3 /Users/stemey/work/projects/aem-react/demo/src/main/ts
64 verbose already installed skipping aem-react-js@^0.1.0 /Users/stemey/work/projects/aem-react/demo/src/main/ts
65 verbose already installed skipping eslint@^1.6.0 /Users/stemey/work/projects/aem-react/demo/src/main/ts
66 verbose already installed skipping espower-typescript@^3.0.0 /Users/stemey/work/projects/aem-react/demo/src/main/ts
67 verbose already installed skipping mocha@^2.3.4 /Users/stemey/work/projects/aem-react/demo/src/main/ts
68 verbose already installed skipping npm@^2.13.5 /Users/stemey/work/projects/aem-react/demo/src/main/ts
69 verbose already installed skipping power-assert@^1.2.0 /Users/stemey/work/projects/aem-react/demo/src/main/ts
70 verbose already installed skipping ts-loader@^0.5.5 /Users/stemey/work/projects/aem-react/demo/src/main/ts
71 silly install resolved []
72 info build /Users/stemey/work/projects/aem-react/demo/src/main/ts
73 info linkStuff website@0.1.0
74 silly linkStuff website@0.1.0 has /Users/stemey/work/projects/aem-react/demo/src/main as its parent node_modules
75 verbose linkBins website@0.1.0
76 verbose linkMans website@0.1.0
77 verbose rebuildBundles website@0.1.0
78 verbose rebuildBundles [ '.bin',
78 verbose rebuildBundles   'aem-react-js',
78 verbose rebuildBundles   'classlist-polyfill',
78 verbose rebuildBundles   'eslint',
78 verbose rebuildBundles   'espower-typescript',
78 verbose rebuildBundles   'mocha',
78 verbose rebuildBundles   'node-libs-browser',
78 verbose rebuildBundles   'npm',
78 verbose rebuildBundles   'power-assert',
78 verbose rebuildBundles   'process',
78 verbose rebuildBundles   'react',
78 verbose rebuildBundles   'ts-loader',
78 verbose rebuildBundles   'tsd',
78 verbose rebuildBundles   'tslint',
78 verbose rebuildBundles   'typescript',
78 verbose rebuildBundles   'webdav-sync',
78 verbose rebuildBundles   'webpack' ]
79 info install website@0.1.0
80 info postinstall website@0.1.0
81 verbose unsafe-perm in lifecycle true
82 info website@0.1.0 Failed to exec postinstall script
83 verbose stack Error: website@0.1.0 postinstall: `tsd install`
83 verbose stack Exit status 1
83 verbose stack     at EventEmitter.<anonymous> (/usr/local/lib/node_modules/npm/lib/utils/lifecycle.js:214:16)
83 verbose stack     at EventEmitter.emit (events.js:110:17)
83 verbose stack     at ChildProcess.<anonymous> (/usr/local/lib/node_modules/npm/lib/utils/spawn.js:24:14)
83 verbose stack     at ChildProcess.emit (events.js:110:17)
83 verbose stack     at maybeClose (child_process.js:1015:16)
83 verbose stack     at Process.ChildProcess._handle.onexit (child_process.js:1087:5)
84 verbose pkgid website@0.1.0
85 verbose cwd /Users/stemey/work/projects/aem-react/demo/src/main/ts
86 error Darwin 14.3.0
87 error argv "node" "/usr/local/bin/npm" "install"
88 error node v0.12.3
89 error npm  v2.14.2
90 error code ELIFECYCLE
91 error website@0.1.0 postinstall: `tsd install`
91 error Exit status 1
92 error Failed at the website@0.1.0 postinstall script 'tsd install'.
92 error This is most likely a problem with the website package,
92 error not with npm itself.
92 error Tell the author that this fails on your system:
92 error     tsd install
92 error You can get their info via:
92 error     npm owner ls website
92 error There is likely additional logging output above.
93 verbose exit [ 1, true ]
