[ERR!] cwd  : /Users/stemey/work/projects/aem-react/demo/src/main/ts
[ERR!] os   : Darwin 14.3.0
[ERR!] argv : "node" "/Users/stemey/work/projects/aem-react/demo/src/main/ts/node_modules/.bin/tsd" "install"
[ERR!] node : v0.12.3
[ERR!] tsd  : 0.6.5
[ERR!] Error: getaddrinfo ENOTFOUND api.github.com
[ERR!] CODE : ENOTFOUND
[ERR!] getaddrinfo ENOTFOUND api.github.com
This is most likely not a problem with tsd itself
and is related to network connectivity.
In most cases you are behind a proxy or have bad network settings.

If you are behind a proxy, please make sure that the
'proxy' config is set properly.  See: https://github.com/DefinitelyTyped/tsd#tsdrc
[ERR!] 
Error: getaddrinfo ENOTFOUND api.github.com
    at errnoException (dns.js:44:10)
    at GetAddrInfoReqWrap.onlookup [as oncomplete] (dns.js:94:26)

[ERR!] tsd.json: {"version":"v4","repo":"borisyankov/DefinitelyTyped","ref":"master","path":"typings","bundle":"typings/tsd.d.ts","installed":{"node/node.d.ts":{"commit":"98d3168c2c570352a3a7393788e2ec9fbb08ade6"},"react/react.d.ts":{"commit":"98d3168c2c570352a3a7393788e2ec9fbb08ade6"},"mocha/mocha.d.ts":{"commit":"fc341765ebbb04b7109981a25dced01f488f4d94"}}}

[ERR!] .tsdrc could not be retrieved

[ERR!] Please include the following file with any support request:
    /Users/stemey/work/projects/aem-react/demo/src/main/ts/tsd-debug.log

